<?xml version="1.0" encoding="UTF-8"?>
<!-- Generated by org.testng.reporters.JUnitReportReporter -->
<testsuite skipped="0" hostname="DESKTOP-V3TCD3D" name="com.actitime.scripts.LoginTest" tests="2" failures="0" timestamp="2020-01-02T21:29:12 IST" time="30.985" errors="0">
  <testcase name="validLogin" time="14.199" classname="com.actitime.scripts.LoginTest"/>
  <testcase name="invalidLogin" time="16.786" classname="com.actitime.scripts.LoginTest"/>
</testsuite> <!-- com.actitime.scripts.LoginTest -->
