<?xml version="1.0" encoding="UTF-8"?>
<!-- Generated by org.testng.reporters.JUnitReportReporter -->
<testsuite skipped="0" hostname="DESKTOP-V3TCD3D" name="package2.DataProviderTest" tests="3" failures="0" timestamp="2019-11-18T23:02:42 IST" time="0.031" errors="0">
  <testcase name="dataTest" time="0.000" classname="package2.DataProviderTest"/>
  <testcase name="dataTest" time="0.000" classname="package2.DataProviderTest"/>
  <testcase name="dataTest" time="0.031" classname="package2.DataProviderTest"/>
</testsuite> <!-- package2.DataProviderTest -->
