<?xml version="1.0" encoding="UTF-8"?>
<!-- Generated by org.testng.reporters.JUnitReportReporter -->
<testsuite skipped="0" hostname="DESKTOP-V3TCD3D" name="package3.Login1Test" tests="2" failures="0" timestamp="2019-11-28T00:21:31 IST" time="23.303" errors="0">
  <testcase name="validLogin" time="12.295" classname="package3.Login1Test"/>
  <testcase name="invalidLogin" time="11.008" classname="package3.Login1Test"/>
</testsuite> <!-- package3.Login1Test -->
