<?xml version="1.0" encoding="UTF-8"?>
<!-- Generated by org.testng.reporters.JUnitReportReporter -->
<testsuite skipped="0" hostname="DESKTOP-V3TCD3D" name="package2.EndToEndScenarioTest" tests="3" failures="0" timestamp="2019-11-11T23:45:51 IST" time="7.977" errors="0">
  <testcase name="createNewTask" time="3.042" classname="package2.EndToEndScenarioTest"/>
  <testcase name="createNewProject" time="1.333" classname="package2.EndToEndScenarioTest"/>
  <testcase name="createNewCustomer" time="3.602" classname="package2.EndToEndScenarioTest"/>
</testsuite> <!-- package2.EndToEndScenarioTest -->
