<?xml version="1.0" encoding="UTF-8"?>
<!-- Generated by org.testng.reporters.JUnitReportReporter -->
<testsuite skipped="0" hostname="DESKTOP-V3TCD3D" name="package2.ParameterTest" tests="1" failures="0" timestamp="2019-11-18T22:48:13 IST" time="0.031" errors="0">
  <testcase name="demo" time="0.031" classname="package2.ParameterTest"/>
</testsuite> <!-- package2.ParameterTest -->
