<?xml version="1.0" encoding="UTF-8"?>
<!-- Generated by org.testng.reporters.JUnitReportReporter -->
<testsuite skipped="0" hostname="DESKTOP-V3TCD3D" name="package2.HardAssertTest" tests="1" failures="0" timestamp="2019-11-20T00:53:24 IST" time="19.192" errors="0">
  <testcase name="invalidLogin" time="19.192" classname="package2.HardAssertTest"/>
</testsuite> <!-- package2.HardAssertTest -->
