<?xml version="1.0" encoding="UTF-8"?>
<!-- Generated by org.testng.reporters.JUnitReportReporter -->
<testsuite skipped="0" hostname="DESKTOP-V3TCD3D" name="package2.ActitimeScenarioTest" tests="2" failures="0" timestamp="2019-11-10T22:59:37 IST" time="35.387" errors="0">
  <testcase name="validLogin" time="19.089" classname="package2.ActitimeScenarioTest"/>
  <testcase name="invalidLogin" time="16.298" classname="package2.ActitimeScenarioTest"/>
</testsuite> <!-- package2.ActitimeScenarioTest -->
