<?xml version="1.0" encoding="UTF-8"?>
<!-- Generated by org.testng.reporters.JUnitReportReporter -->
<testsuite skipped="0" hostname="DESKTOP-V3TCD3D" name="package2.ClassTest" tests="2" failures="0" timestamp="2019-11-07T23:22:16 IST" time="0.013" errors="0">
  <testcase name="first" time="0.010" classname="package2.ClassTest"/>
  <testcase name="second" time="0.003" classname="package2.ClassTest"/>
</testsuite> <!-- package2.ClassTest -->
