<?xml version="1.0" encoding="UTF-8"?>
<!-- Generated by org.testng.reporters.JUnitReportReporter -->
<testsuite skipped="0" hostname="DESKTOP-V3TCD3D" name="package2.NewTest" tests="3" failures="0" timestamp="2019-11-06T21:26:35 IST" time="0.032" errors="0">
  <testcase name="dummy" time="0.000" classname="package2.NewTest"/>
  <testcase name="prototype" time="0.000" classname="package2.NewTest"/>
  <testcase name="demo" time="0.032" classname="package2.NewTest"/>
</testsuite> <!-- package2.NewTest -->
