<?xml version="1.0" encoding="UTF-8"?>
<!-- Generated by org.testng.reporters.JUnitReportReporter -->
<testsuite skipped="0" hostname="DESKTOP-V3TCD3D" name="package2.ConfigClass$ZTest" tests="2" failures="0" timestamp="2019-11-08T00:27:30 IST" time="0.016" errors="0">
  <testcase name="d" time="0.003" classname="package2.ConfigClass$ZTest"/>
  <testcase name="c" time="0.013" classname="package2.ConfigClass$ZTest"/>
</testsuite> <!-- package2.ConfigClass$ZTest -->
