<?xml version="1.0" encoding="UTF-8"?>
<!-- Generated by org.testng.reporters.JUnitReportReporter -->
<testsuite skipped="0" hostname="DESKTOP-V3TCD3D" name="package2.OldTest" tests="1" failures="0" timestamp="2019-11-06T21:00:18 IST" time="0.002" errors="0">
  <testcase name="sample" time="0.002" classname="package2.OldTest"/>
</testsuite> <!-- package2.OldTest -->
