<?xml version="1.0" encoding="UTF-8"?>
<!-- Generated by org.testng.reporters.JUnitReportReporter -->
<testsuite skipped="2" hostname="DESKTOP-V3TCD3D" name="package2.NewTestUsingEnabled" tests="3" failures="0" timestamp="2019-11-06T21:10:45 IST" time="0.031" errors="0">
  <testcase name="demo" time="0.031" classname="package2.NewTestUsingEnabled"/>
  <testcase name="prototype" classname="package2.NewTestUsingEnabled">
    <skipped/>
  </testcase> <!-- prototype -->
  <testcase name="dummy" classname="package2.NewTestUsingEnabled">
    <skipped/>
  </testcase> <!-- dummy -->
</testsuite> <!-- package2.NewTestUsingEnabled -->
