<?xml version="1.0" encoding="UTF-8"?>
<!-- Generated by org.testng.reporters.JUnitReportReporter -->
<testsuite skipped="0" hostname="DESKTOP-V3TCD3D" name="package2.YTest" tests="2" failures="0" timestamp="2019-11-08T00:34:49 IST" time="0.013" errors="0">
  <testcase name="a" time="0.011" classname="package2.YTest"/>
  <testcase name="b" time="0.002" classname="package2.YTest"/>
</testsuite> <!-- package2.YTest -->
