<?xml version="1.0" encoding="UTF-8"?>
<!-- Generated by org.testng.reporters.JUnitReportReporter -->
<testsuite skipped="0" hostname="DESKTOP-V3TCD3D" name="package2.NewTestPriority" tests="3" failures="0" timestamp="2019-11-06T20:35:39 IST" time="0.039" errors="0">
  <testcase name="prototype" time="0.033" classname="package2.NewTestPriority"/>
  <testcase name="dummy" time="0.003" classname="package2.NewTestPriority"/>
  <testcase name="demo" time="0.003" classname="package2.NewTestPriority"/>
</testsuite> <!-- package2.NewTestPriority -->
