<?xml version="1.0" encoding="UTF-8"?>
<!-- Generated by org.testng.reporters.JUnitReportReporter -->
<testsuite skipped="0" hostname="DESKTOP-V3TCD3D" name="package2.MultipleTimesTest" tests="10" failures="0" timestamp="2019-11-06T21:21:40 IST" time="0.066" errors="0">
  <testcase name="multiple" time="0.003" classname="package2.MultipleTimesTest"/>
  <testcase name="multiple" time="0.003" classname="package2.MultipleTimesTest"/>
  <testcase name="multiple" time="0.003" classname="package2.MultipleTimesTest"/>
  <testcase name="multiple" time="0.003" classname="package2.MultipleTimesTest"/>
  <testcase name="multiple" time="0.003" classname="package2.MultipleTimesTest"/>
  <testcase name="multiple" time="0.007" classname="package2.MultipleTimesTest"/>
  <testcase name="multiple" time="0.031" classname="package2.MultipleTimesTest"/>
  <testcase name="multiple" time="0.004" classname="package2.MultipleTimesTest"/>
  <testcase name="multiple" time="0.008" classname="package2.MultipleTimesTest"/>
  <testcase name="multiple" time="0.001" classname="package2.MultipleTimesTest"/>
</testsuite> <!-- package2.MultipleTimesTest -->
