<?xml version="1.0" encoding="UTF-8"?>
<!-- Generated by org.testng.reporters.JUnitReportReporter -->
<testsuite skipped="0" hostname="DESKTOP-V3TCD3D" name="package3.LoginTest" tests="2" failures="0" timestamp="2019-11-27T00:23:59 IST" time="16.437" errors="0">
  <testcase name="validLogin" time="9.175" classname="package3.LoginTest"/>
  <testcase name="invalidLogin" time="7.262" classname="package3.LoginTest"/>
</testsuite> <!-- package3.LoginTest -->
