<?xml version="1.0" encoding="UTF-8"?>
<!-- Generated by org.testng.reporters.JUnitReportReporter -->
<testsuite skipped="0" hostname="DESKTOP-V3TCD3D" name="package2.GroupExecutionTest" tests="2" failures="0" timestamp="2019-11-12T00:02:08 IST" time="0.016" errors="0">
  <testcase name="createCustomer" time="0.016" classname="package2.GroupExecutionTest"/>
  <testcase name="createProject" time="0.000" classname="package2.GroupExecutionTest"/>
</testsuite> <!-- package2.GroupExecutionTest -->
