<?xml version="1.0" encoding="UTF-8"?>
<!-- Generated by org.testng.reporters.JUnitReportReporter -->
<testsuite skipped="0" hostname="DESKTOP-V3TCD3D" name="package2.ZTest" tests="2" failures="0" timestamp="2019-11-08T00:34:49 IST" time="0.004" errors="0">
  <testcase name="c" time="0.002" classname="package2.ZTest"/>
  <testcase name="d" time="0.002" classname="package2.ZTest"/>
</testsuite> <!-- package2.ZTest -->
