<?xml version="1.0" encoding="UTF-8"?>
<!-- Generated by org.testng.reporters.JUnitReportReporter -->
<testsuite skipped="0" hostname="DESKTOP-V3TCD3D" name="package2.MethodTest" tests="2" failures="0" timestamp="2019-11-07T22:29:56 IST" time="0.032" errors="0">
  <testcase name="second" time="0.000" classname="package2.MethodTest"/>
  <testcase name="first" time="0.032" classname="package2.MethodTest"/>
</testsuite> <!-- package2.MethodTest -->
