<?xml version="1.0" encoding="UTF-8"?>
<!-- Generated by org.testng.reporters.JUnitReportReporter -->
<testsuite skipped="0" hostname="DESKTOP-V3TCD3D" name="package2.ListnerTest" tests="3" failures="0" timestamp="2020-01-08T14:25:41 IST" time="0.047" errors="0">
  <testcase name="dummy" time="0.032" classname="package2.ListnerTest"/>
  <testcase name="demo" time="0.000" classname="package2.ListnerTest"/>
  <testcase name="prototype" time="0.015" classname="package2.ListnerTest"/>
</testsuite> <!-- package2.ListnerTest -->
