<?xml version="1.0" encoding="UTF-8"?>
<!-- Generated by org.testng.reporters.JUnitReportReporter -->
<testsuite skipped="0" hostname="DESKTOP-V3TCD3D" name="package2.ActitimeTest" tests="2" failures="0" timestamp="2019-11-06T20:40:29 IST" time="0.039" errors="0">
  <testcase name="createNewCustomer" time="0.034" classname="package2.ActitimeTest"/>
  <testcase name="createNewProject" time="0.005" classname="package2.ActitimeTest"/>
</testsuite> <!-- package2.ActitimeTest -->
