<?xml version="1.0" encoding="UTF-8"?>
<!-- Generated by org.testng.reporters.JUnitReportReporter -->
<testsuite skipped="0" hostname="DESKTOP-V3TCD3D" name="package3.LoginTest" tests="1" failures="0" timestamp="2020-01-16T12:24:33 IST" time="22.249" errors="0">
  <testcase name="validLogin" time="22.249" classname="package3.LoginTest"/>
</testsuite> <!-- package3.LoginTest -->
