<?xml version="1.0" encoding="UTF-8"?>
<!-- Generated by org.testng.reporters.JUnitReportReporter -->
<testsuite skipped="0" hostname="DESKTOP-V3TCD3D" name="package1.DataProviderExcel" tests="3" failures="0" timestamp="2019-12-27T22:02:07 IST" time="0.016" errors="0">
  <testcase name="dataTest" time="0.016" classname="package1.DataProviderExcel"/>
  <testcase name="dataTest" time="0.000" classname="package1.DataProviderExcel"/>
  <testcase name="dataTest" time="0.000" classname="package1.DataProviderExcel"/>
</testsuite> <!-- package1.DataProviderExcel -->
