<?xml version="1.0" encoding="UTF-8"?>
<!-- Generated by org.testng.reporters.JUnitReportReporter -->
<testsuite skipped="0" hostname="DESKTOP-V3TCD3D" name="package2.LaunchBrowser" tests="1" failures="0" timestamp="2020-01-12T13:23:42 IST" time="16.756" errors="0">
  <testcase name="test" time="16.756" classname="package2.LaunchBrowser"/>
</testsuite> <!-- package2.LaunchBrowser -->
