<?xml version="1.0" encoding="UTF-8"?>
<!-- Generated by org.testng.reporters.JUnitReportReporter -->
<testsuite skipped="0" hostname="DESKTOP-V3TCD3D" name="package1.MyFirstTest" tests="1" failures="0" timestamp="2020-01-02T00:38:13 IST" time="35.715" errors="0">
  <testcase name="launchTest" time="35.715" classname="package1.MyFirstTest"/>
</testsuite> <!-- package1.MyFirstTest -->
