<?xml version="1.0" encoding="UTF-8"?>
<!-- Generated by org.testng.reporters.JUnitReportReporter -->
<testsuite skipped="0" hostname="DESKTOP-V3TCD3D" name="com.actitime.scripts.LoginTest" tests="2" failures="0" timestamp="2019-12-12T13:32:42 IST" time="29.575" errors="0">
  <testcase name="validLogin" time="18.488" classname="com.actitime.scripts.LoginTest"/>
  <testcase name="invalidLogin" time="11.087" classname="com.actitime.scripts.LoginTest"/>
</testsuite> <!-- com.actitime.scripts.LoginTest -->
