<?xml version="1.0" encoding="UTF-8"?>
<!-- Generated by org.testng.reporters.JUnitReportReporter -->
<testsuite skipped="0" hostname="DESKTOP-V3TCD3D" name="com.actitime.scripts.TaskTest" tests="3" failures="0" timestamp="2019-12-18T02:29:31 IST" time="51.494" errors="0">
  <testcase name="deleteProject" time="17.291" classname="com.actitime.scripts.TaskTest"/>
  <testcase name="createProject" time="16.566" classname="com.actitime.scripts.TaskTest"/>
  <testcase name="createCustomer" time="17.637" classname="com.actitime.scripts.TaskTest"/>
</testsuite> <!-- com.actitime.scripts.TaskTest -->
